                            PC1      PC2      PC3      PC4      PC5      PC6      PC7     PC8      PC9     PC10
Standard deviation     15.25493 10.53495 9.155632 8.869441 6.594279 5.896052 5.503834 4.82877 4.606658 3.987124
Proportion of Variance  0.22079  0.10530 0.079530 0.074640 0.041260 0.032980 0.028740 0.02212 0.020130 0.015080
Cumulative Proportion   0.22079  0.32609 0.405620 0.480260 0.521510 0.554500 0.583240 0.60536 0.625490 0.640580
                           PC11    PC12     PC13     PC14     PC15     PC16     PC17    PC18     PC19     PC20     PC21
Standard deviation     3.757731 3.57049 3.545166 3.207895 3.117665 3.083773 3.051765 2.99857 2.800301 2.701357 2.653093
Proportion of Variance 0.013400 0.01210 0.011920 0.009760 0.009220 0.009020 0.008840 0.00853 0.007440 0.006920 0.006680
Cumulative Proportion  0.653970 0.66607 0.677990 0.687760 0.696980 0.706000 0.714840 0.72337 0.730810 0.737730 0.744410
                           PC22     PC23     PC24     PC25     PC26     PC27     PC28     PC29     PC30     PC31
Standard deviation     2.588011 2.496196 2.479375 2.446333 2.393203 2.362479 2.346877 2.302257 2.291947 2.275398
Proportion of Variance 0.006350 0.005910 0.005830 0.005680 0.005430 0.005300 0.005230 0.005030 0.004980 0.004910
Cumulative Proportion  0.750760 0.756670 0.762510 0.768180 0.773620 0.778910 0.784140 0.789170 0.794150 0.799060
                           PC32     PC33    PC34     PC35     PC36     PC37     PC38     PC39     PC40     PC41
Standard deviation     2.238884 2.170842 2.12016 2.102038 2.011437 1.947445 1.927205 1.864504 1.853618 1.825821
Proportion of Variance 0.004760 0.004470 0.00426 0.004190 0.003840 0.003600 0.003520 0.003300 0.003260 0.003160
Cumulative Proportion  0.803820 0.808290 0.81256 0.816750 0.820590 0.824190 0.827710 0.831010 0.834270 0.837430
                           PC42     PC43     PC44     PC45     PC46     PC47     PC48     PC49     PC50     PC51
Standard deviation     1.791828 1.781215 1.775321 1.719454 1.690257 1.678951 1.662775 1.614918 1.610649 1.593152
Proportion of Variance 0.003050 0.003010 0.002990 0.002810 0.002710 0.002670 0.002620 0.002470 0.002460 0.002410
Cumulative Proportion  0.840480 0.843490 0.846480 0.849280 0.851990 0.854670 0.857290 0.859760 0.862230 0.864630
                           PC52     PC53    PC54     PC55     PC56     PC57     PC58     PC59     PC60    PC61     PC62
Standard deviation     1.580528 1.549214 1.54395 1.529515 1.515643 1.490234 1.483156 1.465567 1.451684 1.44101 1.427969
Proportion of Variance 0.002370 0.002280 0.00226 0.002220 0.002180 0.002110 0.002090 0.002040 0.002000 0.00197 0.001930
Cumulative Proportion  0.867000 0.869280 0.87154 0.873760 0.875940 0.878050 0.880140 0.882170 0.884170 0.88614 0.888080
                           PC63    PC64    PC65     PC66     PC67     PC68     PC69     PC70     PC71     PC72     PC73
Standard deviation     1.419046 1.41030 1.39796 1.390574 1.377548 1.361281 1.351358 1.349227 1.335287 1.320306 1.309786
Proportion of Variance 0.001910 0.00189 0.00185 0.001830 0.001800 0.001760 0.001730 0.001730 0.001690 0.001650 0.001630
Cumulative Proportion  0.889990 0.89188 0.89373 0.895560 0.897360 0.899120 0.900860 0.902580 0.904270 0.905930 0.907560
                           PC74     PC75     PC76     PC77     PC78     PC79    PC80     PC81     PC82     PC83
Standard deviation     1.297814 1.271361 1.267091 1.265007 1.247615 1.236229 1.23288 1.212709 1.208661 1.203841
Proportion of Variance 0.001600 0.001530 0.001520 0.001520 0.001480 0.001450 0.00144 0.001400 0.001390 0.001370
Cumulative Proportion  0.909150 0.910690 0.912210 0.913730 0.915210 0.916660 0.91810 0.919490 0.920880 0.922250
                           PC84     PC85     PC86     PC87     PC88     PC89     PC90     PC91    PC92     PC93    PC94
Standard deviation     1.201251 1.195297 1.169845 1.163022 1.144903 1.138222 1.132104 1.104668 1.09513 1.091887 1.08522
Proportion of Variance 0.001370 0.001360 0.001300 0.001280 0.001240 0.001230 0.001220 0.001160 0.00114 0.001130 0.00112
Cumulative Proportion  0.923620 0.924980 0.926280 0.927560 0.928800 0.930030 0.931250 0.932410 0.93354 0.934680 0.93579
                           PC95     PC96     PC97     PC98     PC99    PC100
Standard deviation     1.068294 1.053479 1.032519 1.019567 1.017469 1.009794
Proportion of Variance 0.001080 0.001050 0.001010 0.000990 0.000980 0.000970
Cumulative Proportion  0.936880 0.937930 0.938940 0.939930 0.940910 0.941880
